<?xml version="1.0" encoding="UTF-8"?>
<!-- Generated by org.testng.reporters.JUnitReportReporter -->
<testsuite hostname="golamhassan" name="Test.OpenApp" tests="2" failures="0" timestamp="25 Nov 2015 01:31:56 GMT" time="0.000" errors="0">
  <testcase name="gotoLogin" time="0.000" classname="Test.OpenApp"/>
  <testcase name="BroserClose" time="0.000" classname="Test.OpenApp"/>
</testsuite> <!-- Test.OpenApp -->
