<?xml version="1.0" encoding="UTF-8"?>
<!-- Generated by org.testng.reporters.JUnitReportReporter -->
<testsuite hostname="golamhassan" name="Test.TestApp" tests="3" failures="0" timestamp="25 Nov 2015 01:31:56 GMT" time="0.001" errors="0">
  <testcase name="multi" time="0.001" classname="Test.TestApp"/>
  <testcase name="sum" time="0.000" classname="Test.TestApp"/>
  <testcase name="print" time="0.000" classname="Test.TestApp"/>
</testsuite> <!-- Test.TestApp -->
