<?xml version="1.0" encoding="UTF-8"?>
<!-- Generated by org.testng.reporters.JUnitReportReporter -->
<testsuite hostname="golamhassan" name="Test.NavigatetoApp" tests="2" failures="0" timestamp="24 Nov 2015 03:51:44 GMT" time="0.004" errors="0">
  <testcase name="gotoLogin" time="0.004" classname="Test.NavigatetoApp"/>
  <testcase name="BroserClose" time="0.000" classname="Test.NavigatetoApp"/>
</testsuite> <!-- Test.NavigatetoApp -->
