<?xml version="1.0" encoding="UTF-8"?>
<!-- Generated by org.testng.reporters.JUnitReportReporter -->
<testsuite hostname="golamhassan" name="Test.TestNG1" tests="3" failures="0" timestamp="25 Nov 2015 01:31:56 GMT" time="0.001" errors="0">
  <testcase name="Third" time="0.001" classname="Test.TestNG1"/>
  <testcase name="Fist" time="0.000" classname="Test.TestNG1"/>
  <testcase name="Second" time="0.000" classname="Test.TestNG1"/>
</testsuite> <!-- Test.TestNG1 -->
